# JRE version: Java(TM) SE Runtime Environment (8.0_92-b14) (build 1.8.0_92-b14)
# Java VM: Java HotSpot(TM) Client VM (25.92-b14 mixed mode windows-x86 )
Heap:
 def new generation   total 39424K, used 12815K [0x05400000, 0x07ec0000, 0x0fea0000)
  eden space 35072K,  31% used [0x05400000, 0x05ee1ae8, 0x07640000)
  from space 4352K,  38% used [0x07a80000, 0x07c22270, 0x07ec0000)
  to   space 4352K,   0% used [0x07640000, 0x07640000, 0x07a80000)
 tenured generation   total 87424K, used 41135K [0x0fea0000, 0x15400000, 0x25400000)
   the space 87424K,  47% used [0x0fea0000, 0x126cbff8, 0x126cc000, 0x15400000)
 Metaspace       used 19017K, capacity 19541K, committed 19584K, reserved 19840K
GC Heap History (10 events):
Event: 177.936 GC heap before
{Heap before GC invocations=5 (full 1):
 def new generation   total 39424K, used 39079K [0x05400000, 0x07ec0000, 0x0fea0000)
  eden space 35072K, 100% used [0x05400000, 0x07640000, 0x07640000)
  from space 4352K,  92% used [0x07640000, 0x07a29f28, 0x07a80000)
  to   space 4352K,   0% used [0x07a80000, 0x07a80000, 0x07ec0000)
 tenured generation   total 87424K, used 21858K [0x0fea0000, 0x15400000, 0x25400000)
   the space 87424K,  25% used [0x0fea0000, 0x113f88a0, 0x113f8a00, 0x15400000)
 Metaspace       used 18701K, capacity 19190K, committed 19200K, reserved 19840K
Event: 177.954 GC heap after
Heap after GC invocations=6 (full 1):
 def new generation   total 39424K, used 4352K [0x05400000, 0x07ec0000, 0x0fea0000)
  eden space 35072K,   0% used [0x05400000, 0x05400000, 0x07640000)
  from space 4352K, 100% used [0x07a80000, 0x07ec0000, 0x07ec0000)
  to   space 4352K,   0% used [0x07640000, 0x07640000, 0x07a80000)
 tenured generation   total 87424K, used 25904K [0x0fea0000, 0x15400000, 0x25400000)
   the space 87424K,  29% used [0x0fea0000, 0x117ec040, 0x117ec200, 0x15400000)
 Metaspace       used 18701K, capacity 19190K, committed 19200K, reserved 19840K
}
Event: 325.409 GC heap before
{Heap before GC invocations=6 (full 1):
 def new generation   total 39424K, used 39424K [0x05400000, 0x07ec0000, 0x0fea0000)
  eden space 35072K, 100% used [0x05400000, 0x07640000, 0x07640000)
  from space 4352K, 100% used [0x07a80000, 0x07ec0000, 0x07ec0000)
  to   space 4352K,   0% used [0x07640000, 0x07640000, 0x07a80000)
 tenured generation   total 87424K, used 25904K [0x0fea0000, 0x15400000, 0x25400000)
   the space 87424K,  29% used [0x0fea0000, 0x117ec040, 0x117ec200, 0x15400000)
 Metaspace       used 18915K, capacity 19392K, committed 19456K, reserved 19840K
Event: 325.417 GC heap after
Heap after GC invocations=7 (full 1):
 def new generation   total 39424K, used 3431K [0x05400000, 0x07ec0000, 0x0fea0000)
  eden space 35072K,   0% used [0x05400000, 0x05400000, 0x07640000)
  from space 4352K,  78% used [0x07640000, 0x07999d40, 0x07a80000)
  to   space 4352K,   0% used [0x07a80000, 0x07a80000, 0x07ec0000)
 tenured generation   total 87424K, used 31817K [0x0fea0000, 0x15400000, 0x25400000)
   the space 87424K,  36% used [0x0fea0000, 0x11db24c0, 0x11db2600, 0x15400000)
 Metaspace       used 18915K, capacity 19392K, committed 19456K, reserved 19840K
}
Event: 405.116 GC heap before
{Heap before GC invocations=7 (full 1):
 def new generation   total 39424K, used 38503K [0x05400000, 0x07ec0000, 0x0fea0000)
  eden space 35072K, 100% used [0x05400000, 0x07640000, 0x07640000)
  from space 4352K,  78% used [0x07640000, 0x07999d40, 0x07a80000)
  to   space 4352K,   0% used [0x07a80000, 0x07a80000, 0x07ec0000)
 tenured generation   total 87424K, used 31817K [0x0fea0000, 0x15400000, 0x25400000)
   the space 87424K,  36% used [0x0fea0000, 0x11db24c0, 0x11db2600, 0x15400000)
 Metaspace       used 18924K, capacity 19436K, committed 19456K, reserved 19840K
Event: 405.128 GC heap after
Heap after GC invocations=8 (full 1):
 def new generation   total 39424K, used 3226K [0x05400000, 0x07ec0000, 0x0fea0000)
  eden space 35072K,   0% used [0x05400000, 0x05400000, 0x07640000)
  from space 4352K,  74% used [0x07a80000, 0x07da6810, 0x07ec0000)
  to   space 4352K,   0% used [0x07640000, 0x07640000, 0x07a80000)
 tenured generation   total 87424K, used 38339K [0x0fea0000, 0x15400000, 0x25400000)
   the space 87424K,  43% used [0x0fea0000, 0x12410d78, 0x12410e00, 0x15400000)
 Metaspace       used 18924K, capacity 19436K, committed 19456K, reserved 19840K
}
Event: 530.003 GC heap before
{Heap before GC invocations=8 (full 1):
 def new generation   total 39424K, used 38298K [0x05400000, 0x07ec0000, 0x0fea0000)
  eden space 35072K, 100% used [0x05400000, 0x07640000, 0x07640000)
  from space 4352K,  74% used [0x07a80000, 0x07da6810, 0x07ec0000)
  to   space 4352K,   0% used [0x07640000, 0x07640000, 0x07a80000)
 tenured generation   total 87424K, used 38339K [0x0fea0000, 0x15400000, 0x25400000)
   the space 87424K,  43% used [0x0fea0000, 0x12410d78, 0x12410e00, 0x15400000)
 Metaspace       used 18935K, capacity 19440K, committed 19456K, reserved 19840K
Event: 530.011 GC heap after
Heap after GC invocations=9 (full 1):
 def new generation   total 39424K, used 1108K [0x05400000, 0x07ec0000, 0x0fea0000)
  eden space 35072K,   0% used [0x05400000, 0x05400000, 0x07640000)
  from space 4352K,  25% used [0x07640000, 0x07755058, 0x07a80000)
  to   space 4352K,   0% used [0x07a80000, 0x07a80000, 0x07ec0000)
 tenured generation   total 87424K, used 41135K [0x0fea0000, 0x15400000, 0x25400000)
   the space 87424K,  47% used [0x0fea0000, 0x126cbff8, 0x126cc000, 0x15400000)
 Metaspace       used 18935K, capacity 19440K, committed 19456K, reserved 19840K
}
Event: 618.448 GC heap before
{Heap before GC invocations=9 (full 1):
 def new generation   total 39424K, used 36180K [0x05400000, 0x07ec0000, 0x0fea0000)
  eden space 35072K, 100% used [0x05400000, 0x07640000, 0x07640000)
  from space 4352K,  25% used [0x07640000, 0x07755058, 0x07a80000)
  to   space 4352K,   0% used [0x07a80000, 0x07a80000, 0x07ec0000)
 tenured generation   total 87424K, used 41135K [0x0fea0000, 0x15400000, 0x25400000)
   the space 87424K,  47% used [0x0fea0000, 0x126cbff8, 0x126cc000, 0x15400000)
 Metaspace       used 19017K, capacity 19541K, committed 19584K, reserved 19840K
Event: 618.453 GC heap after
Heap after GC invocations=10 (full 1):
 def new generation   total 39424K, used 1672K [0x05400000, 0x07ec0000, 0x0fea0000)
  eden space 35072K,   0% used [0x05400000, 0x05400000, 0x07640000)
  from space 4352K,  38% used [0x07a80000, 0x07c22270, 0x07ec0000)
  to   space 4352K,   0% used [0x07640000, 0x07640000, 0x07a80000)
 tenured generation   total 87424K, used 41135K [0x0fea0000, 0x15400000, 0x25400000)
   the space 87424K,  47% used [0x0fea0000, 0x126cbff8, 0x126cc000, 0x15400000)
 Metaspace       used 19017K, capacity 19541K, committed 19584K, reserved 19840K
}

