# JRE version: Java(TM) SE Runtime Environment (8.0_92-b14) (build 1.8.0_92-b14)
# Java VM: Java HotSpot(TM) Client VM (25.92-b14 mixed mode windows-x86 )
Heap:
 def new generation   total 39424K, used 15854K [0x05400000, 0x07ec0000, 0x0fea0000)
  eden space 35072K,  34% used [0x05400000, 0x05fe1800, 0x07640000)
  from space 4352K,  84% used [0x07640000, 0x079da238, 0x07a80000)
  to   space 4352K,   0% used [0x07a80000, 0x07a80000, 0x07ec0000)
 tenured generation   total 87424K, used 21861K [0x0fea0000, 0x15400000, 0x25400000)
   the space 87424K,  25% used [0x0fea0000, 0x113f95f0, 0x113f9600, 0x15400000)
 Metaspace       used 18350K, capacity 18833K, committed 18944K, reserved 19840K
GC Heap History (10 events):
Event: 0.544 GC heap before
{Heap before GC invocations=0 (full 0):
 def new generation   total 39296K, used 34944K [0x05400000, 0x07ea0000, 0x0fea0000)
  eden space 34944K, 100% used [0x05400000, 0x07620000, 0x07620000)
  from space 4352K,   0% used [0x07620000, 0x07620000, 0x07a60000)
  to   space 4352K,   0% used [0x07a60000, 0x07a60000, 0x07ea0000)
 tenured generation   total 87424K, used 0K [0x0fea0000, 0x15400000, 0x25400000)
   the space 87424K,   0% used [0x0fea0000, 0x0fea0000, 0x0fea0200, 0x15400000)
 Metaspace       used 9912K, capacity 10092K, committed 10240K, reserved 10624K
Event: 0.552 GC heap after
Heap after GC invocations=1 (full 0):
 def new generation   total 39296K, used 4352K [0x05400000, 0x07ea0000, 0x0fea0000)
  eden space 34944K,   0% used [0x05400000, 0x05400000, 0x07620000)
  from space 4352K, 100% used [0x07a60000, 0x07ea0000, 0x07ea0000)
  to   space 4352K,   0% used [0x07620000, 0x07620000, 0x07a60000)
 tenured generation   total 87424K, used 2573K [0x0fea0000, 0x15400000, 0x25400000)
   the space 87424K,   2% used [0x0fea0000, 0x101236d8, 0x10123800, 0x15400000)
 Metaspace       used 9912K, capacity 10092K, committed 10240K, reserved 10624K
}
Event: 0.858 GC heap before
{Heap before GC invocations=1 (full 0):
 def new generation   total 39296K, used 39296K [0x05400000, 0x07ea0000, 0x0fea0000)
  eden space 34944K, 100% used [0x05400000, 0x07620000, 0x07620000)
  from space 4352K, 100% used [0x07a60000, 0x07ea0000, 0x07ea0000)
  to   space 4352K,   0% used [0x07620000, 0x07620000, 0x07a60000)
 tenured generation   total 87424K, used 2573K [0x0fea0000, 0x15400000, 0x25400000)
   the space 87424K,   2% used [0x0fea0000, 0x101236d8, 0x10123800, 0x15400000)
 Metaspace       used 11247K, capacity 11600K, committed 11648K, reserved 11648K
Event: 0.875 GC heap after
Heap after GC invocations=2 (full 0):
 def new generation   total 39296K, used 4352K [0x05400000, 0x07ea0000, 0x0fea0000)
  eden space 34944K,   0% used [0x05400000, 0x05400000, 0x07620000)
  from space 4352K, 100% used [0x07620000, 0x07a60000, 0x07a60000)
  to   space 4352K,   0% used [0x07a60000, 0x07a60000, 0x07ea0000)
 tenured generation   total 87424K, used 9387K [0x0fea0000, 0x15400000, 0x25400000)
   the space 87424K,  10% used [0x0fea0000, 0x107cae68, 0x107cb000, 0x15400000)
 Metaspace       used 11247K, capacity 11600K, committed 11648K, reserved 11648K
}
Event: 0.966 GC heap before
{Heap before GC invocations=2 (full 0):
 def new generation   total 39296K, used 14920K [0x05400000, 0x07ea0000, 0x0fea0000)
  eden space 34944K,  30% used [0x05400000, 0x05e52240, 0x07620000)
  from space 4352K, 100% used [0x07620000, 0x07a60000, 0x07a60000)
  to   space 4352K,   0% used [0x07a60000, 0x07a60000, 0x07ea0000)
 tenured generation   total 87424K, used 9387K [0x0fea0000, 0x15400000, 0x25400000)
   the space 87424K,  10% used [0x0fea0000, 0x107cae68, 0x107cb000, 0x15400000)
 Metaspace       used 11876K, capacity 12247K, committed 12288K, reserved 12672K
Event: 0.987 GC heap after
Heap after GC invocations=3 (full 1):
 def new generation   total 39424K, used 0K [0x05400000, 0x07ec0000, 0x0fea0000)
  eden space 35072K,   0% used [0x05400000, 0x05400000, 0x07640000)
  from space 4352K,   0% used [0x07640000, 0x07640000, 0x07a80000)
  to   space 4352K,   0% used [0x07a80000, 0x07a80000, 0x07ec0000)
 tenured generation   total 87424K, used 14556K [0x0fea0000, 0x15400000, 0x25400000)
   the space 87424K,  16% used [0x0fea0000, 0x10cd7328, 0x10cd7400, 0x15400000)
 Metaspace       used 11876K, capacity 12247K, committed 12288K, reserved 12672K
}
Event: 1.499 GC heap before
{Heap before GC invocations=3 (full 1):
 def new generation   total 39424K, used 35072K [0x05400000, 0x07ec0000, 0x0fea0000)
  eden space 35072K, 100% used [0x05400000, 0x07640000, 0x07640000)
  from space 4352K,   0% used [0x07640000, 0x07640000, 0x07a80000)
  to   space 4352K,   0% used [0x07a80000, 0x07a80000, 0x07ec0000)
 tenured generation   total 87424K, used 14556K [0x0fea0000, 0x15400000, 0x25400000)
   the space 87424K,  16% used [0x0fea0000, 0x10cd7328, 0x10cd7400, 0x15400000)
 Metaspace       used 15844K, capacity 16246K, committed 16256K, reserved 16768K
Event: 1.507 GC heap after
Heap after GC invocations=4 (full 1):
 def new generation   total 39424K, used 4352K [0x05400000, 0x07ec0000, 0x0fea0000)
  eden space 35072K,   0% used [0x05400000, 0x05400000, 0x07640000)
  from space 4352K, 100% used [0x07a80000, 0x07ec0000, 0x07ec0000)
  to   space 4352K,   0% used [0x07640000, 0x07640000, 0x07a80000)
 tenured generation   total 87424K, used 15803K [0x0fea0000, 0x15400000, 0x25400000)
   the space 87424K,  18% used [0x0fea0000, 0x10e0ec98, 0x10e0ee00, 0x15400000)
 Metaspace       used 15844K, capacity 16246K, committed 16256K, reserved 16768K
}
Event: 65.399 GC heap before
{Heap before GC invocations=4 (full 1):
 def new generation   total 39424K, used 39424K [0x05400000, 0x07ec0000, 0x0fea0000)
  eden space 35072K, 100% used [0x05400000, 0x07640000, 0x07640000)
  from space 4352K, 100% used [0x07a80000, 0x07ec0000, 0x07ec0000)
  to   space 4352K,   0% used [0x07640000, 0x07640000, 0x07a80000)
 tenured generation   total 87424K, used 15803K [0x0fea0000, 0x15400000, 0x25400000)
   the space 87424K,  18% used [0x0fea0000, 0x10e0ec98, 0x10e0ee00, 0x15400000)
 Metaspace       used 18122K, capacity 18609K, committed 18688K, reserved 18816K
Event: 65.410 GC heap after
Heap after GC invocations=5 (full 1):
 def new generation   total 39424K, used 3688K [0x05400000, 0x07ec0000, 0x0fea0000)
  eden space 35072K,   0% used [0x05400000, 0x05400000, 0x07640000)
  from space 4352K,  84% used [0x07640000, 0x079da238, 0x07a80000)
  to   space 4352K,   0% used [0x07a80000, 0x07a80000, 0x07ec0000)
 tenured generation   total 87424K, used 21861K [0x0fea0000, 0x15400000, 0x25400000)
   the space 87424K,  25% used [0x0fea0000, 0x113f95f0, 0x113f9600, 0x15400000)
 Metaspace       used 18122K, capacity 18609K, committed 18688K, reserved 18816K
}

